ReadyLatexmk: This is Latexmk, John Collins, 19 Jan. 2017, version: 4.52c.
Rule 'pdflatex': File changes, etc:
   Changed files, or newly in use since previous run(s):
      '/home/turab/Assignments/401/hw7/hw7.tex'
      'hw7.aux'
      'hw7.tex'
------------
Run number 1 of rule 'pdflatex'
------------
------------
Running 'pdflatex  -synctex=1 -interaction=nonstopmode -file-line-error -recorder  "/home/turab/Assignments/401/hw7/hw7.tex"'
------------
Latexmk: applying rule 'pdflatex'...
This is pdfTeX, Version 3.14159265-2.6-1.40.18 (TeX Live 2017/Arch Linux) (preloaded format=pdflatex)
 restricted \write18 enabled.
entering extended mode
(/home/turab/Assignments/401/hw7/hw7.tex
LaTeX2e <2017-04-15>
Babel <3.15> and hyphenation patterns for 84 language(s) loaded.
(/usr/share/texmf-dist/tex/latex/base/article.cls
Document Class: article 2014/09/29 v1.4h Standard LaTeX document class
(/usr/share/texmf-dist/tex/latex/base/size12.clo))
(/usr/share/texmf-dist/tex/latex/geometry/geometry.sty
(/usr/share/texmf-dist/tex/latex/graphics/keyval.sty)
(/usr/share/texmf-dist/tex/generic/oberdiek/ifpdf.sty)
(/usr/share/texmf-dist/tex/generic/oberdiek/ifvtex.sty)
(/usr/share/texmf-dist/tex/generic/ifxetex/ifxetex.sty))
(/usr/share/texmf-dist/tex/latex/amsmath/amsmath.sty
For additional information on amsmath, use the `?' option.
(/usr/share/texmf-dist/tex/latex/amsmath/amstext.sty
(/usr/share/texmf-dist/tex/latex/amsmath/amsgen.sty))
(/usr/share/texmf-dist/tex/latex/amsmath/amsbsy.sty)
(/usr/share/texmf-dist/tex/latex/amsmath/amsopn.sty))
(/usr/share/texmf-dist/tex/latex/amscls/amsthm.sty)
(/usr/share/texmf-dist/tex/latex/amsfonts/amssymb.sty
(/usr/share/texmf-dist/tex/latex/amsfonts/amsfonts.sty))
(/usr/share/texmf-dist/tex/latex/xcolor/xcolor.sty
(/usr/share/texmf-dist/tex/latex/graphics-cfg/color.cfg)
(/usr/share/texmf-dist/tex/latex/graphics-def/pdftex.def)) (./hw7.aux)
*geometry* driver: auto-detecting
*geometry* detected driver: pdftex
(/usr/share/texmf-dist/tex/context/base/mkii/supp-pdf.mkii
[Loading MPS to PDF converter (version 2006.09.02).]
) (/usr/share/texmf-dist/tex/latex/amsfonts/umsa.fd)
(/usr/share/texmf-dist/tex/latex/amsfonts/umsb.fd)
(/usr/share/texmf-dist/tex/latex/base/omscmr.fd) [1{/var/lib/texmf/fonts/map/pd
ftex/updmap/pdftex.map}]
/home/turab/Assignments/401/hw7/hw7.tex:103: Undefined control sequence.
l.103 ...eteq \{0,1\}^*$, where $\varepsilon\notjn
                                                   L$, and define $D=\{ww\ |...

[2] [3] [4] (./hw7.aux) )
(see the transcript file for additional information)</usr/share/texmf-dist/font
s/type1/public/amsfonts/cm/cmbx12.pfb></usr/share/texmf-dist/fonts/type1/public
/amsfonts/cm/cmex10.pfb></usr/share/texmf-dist/fonts/type1/public/amsfonts/cm/c
mmi12.pfb></usr/share/texmf-dist/fonts/type1/public/amsfonts/cm/cmmi8.pfb></usr
/share/texmf-dist/fonts/type1/public/amsfonts/cm/cmr12.pfb></usr/share/texmf-di
st/fonts/type1/public/amsfonts/cm/cmr17.pfb></usr/share/texmf-dist/fonts/type1/
public/amsfonts/cm/cmr8.pfb></usr/share/texmf-dist/fonts/type1/public/amsfonts/
cm/cmsy10.pfb></usr/share/texmf-dist/fonts/type1/public/amsfonts/cm/cmsy8.pfb><
/usr/share/texmf-dist/fonts/type1/public/amsfonts/cm/cmtt12.pfb>
Output written on hw7.pdf (4 pages, 102150 bytes).
SyncTeX written on hw7.synctex.gz.
Transcript written on hw7.log.
Latexmk: Log file says output to 'hw7.pdf'
Collected error summary (may duplicate other messages):
  pdflatex: Command for 'pdflatex' gave return code 1
      Refer to 'hw7.log' for details
Latexmk: Use the -f option to force complete processing,
 unless error was exceeding maximum runs of latex/pdflatex.
=== TeX engine is 'pdfTeX'
Latexmk: Errors, so I did not complete making targets
Latexmk: This is Latexmk, John Collins, 19 Jan. 2017, version: 4.52c.
Rule 'pdflatex': Rules & subrules not known to be previously run:
   pdflatex
Rule 'pdflatex': The following rules & subrules became out-of-date:
      'pdflatex'
------------
Run number 1 of rule 'pdflatex'
------------
------------
Running 'pdflatex  -synctex=1 -interaction=nonstopmode -file-line-error -recorder  "/home/turab/Assignments/401/hw7/hw7.tex"'
------------
Latexmk: applying rule 'pdflatex'...
This is pdfTeX, Version 3.14159265-2.6-1.40.18 (TeX Live 2017/Arch Linux) (preloaded format=pdflatex)
 restricted \write18 enabled.
entering extended mode
(/home/turab/Assignments/401/hw7/hw7.tex
LaTeX2e <2017-04-15>
Babel <3.15> and hyphenation patterns for 84 language(s) loaded.
(/usr/share/texmf-dist/tex/latex/base/article.cls
Document Class: article 2014/09/29 v1.4h Standard LaTeX document class
(/usr/share/texmf-dist/tex/latex/base/size12.clo))
(/usr/share/texmf-dist/tex/latex/geometry/geometry.sty
(/usr/share/texmf-dist/tex/latex/graphics/keyval.sty)
(/usr/share/texmf-dist/tex/generic/oberdiek/ifpdf.sty)
(/usr/share/texmf-dist/tex/generic/oberdiek/ifvtex.sty)
(/usr/share/texmf-dist/tex/generic/ifxetex/ifxetex.sty))
(/usr/share/texmf-dist/tex/latex/amsmath/amsmath.sty
For additional information on amsmath, use the `?' option.
(/usr/share/texmf-dist/tex/latex/amsmath/amstext.sty
(/usr/share/texmf-dist/tex/latex/amsmath/amsgen.sty))
(/usr/share/texmf-dist/tex/latex/amsmath/amsbsy.sty)
(/usr/share/texmf-dist/tex/latex/amsmath/amsopn.sty))
(/usr/share/texmf-dist/tex/latex/amscls/amsthm.sty)
(/usr/share/texmf-dist/tex/latex/amsfonts/amssymb.sty
(/usr/share/texmf-dist/tex/latex/amsfonts/amsfonts.sty))
(/usr/share/texmf-dist/tex/latex/xcolor/xcolor.sty
(/usr/share/texmf-dist/tex/latex/graphics-cfg/color.cfg)
(/usr/share/texmf-dist/tex/latex/graphics-def/pdftex.def)) (./hw7.aux)
*geometry* driver: auto-detecting
*geometry* detected driver: pdftex
(/usr/share/texmf-dist/tex/context/base/mkii/supp-pdf.mkii
[Loading MPS to PDF converter (version 2006.09.02).]
) (/usr/share/texmf-dist/tex/latex/amsfonts/umsa.fd)
(/usr/share/texmf-dist/tex/latex/amsfonts/umsb.fd)
(/usr/share/texmf-dist/tex/latex/base/omscmr.fd) [1{/var/lib/texmf/fonts/map/pd
ftex/updmap/pdftex.map}]
/home/turab/Assignments/401/hw7/hw7.tex:103: Undefined control sequence.
l.103 ...eteq \{0,1\}^*$, where $\varepsilon\notjn
                                                   L$, and define $D=\{ww\ |...

[2] [3] [4] (./hw7.aux) )
(see the transcript file for additional information)</usr/share/texmf-dist/font
s/type1/public/amsfonts/cm/cmbx12.pfb></usr/share/texmf-dist/fonts/type1/public
/amsfonts/cm/cmex10.pfb></usr/share/texmf-dist/fonts/type1/public/amsfonts/cm/c
mmi12.pfb></usr/share/texmf-dist/fonts/type1/public/amsfonts/cm/cmmi8.pfb></usr
/share/texmf-dist/fonts/type1/public/amsfonts/cm/cmr12.pfb></usr/share/texmf-di
st/fonts/type1/public/amsfonts/cm/cmr17.pfb></usr/share/texmf-dist/fonts/type1/
public/amsfonts/cm/cmr8.pfb></usr/share/texmf-dist/fonts/type1/public/amsfonts/
cm/cmsy10.pfb></usr/share/texmf-dist/fonts/type1/public/amsfonts/cm/cmsy8.pfb><
/usr/share/texmf-dist/fonts/type1/public/amsfonts/cm/cmtt12.pfb>
Output written on hw7.pdf (4 pages, 102150 bytes).
SyncTeX written on hw7.synctex.gz.
Transcript written on hw7.log.
Latexmk: Log file says output to 'hw7.pdf'
Collected error summary (may duplicate other messages):
  pdflatex: Command for 'pdflatex' gave return code 1
      Refer to 'hw7.log' for details
Latexmk: Use the -f option to force complete processing,
 unless error was exceeding maximum runs of latex/pdflatex.
=== TeX engine is 'pdfTeX'
Latexmk: Errors, so I did not complete making targets
Latexmk: This is Latexmk, John Collins, 19 Jan. 2017, version: 4.52c.
Rule 'pdflatex': Rules & subrules not known to be previously run:
   pdflatex
Rule 'pdflatex': The following rules & subrules became out-of-date:
      'pdflatex'
------------
Run number 1 of rule 'pdflatex'
------------
------------
Running 'pdflatex  -synctex=1 -interaction=nonstopmode -file-line-error -recorder  "/home/turab/Assignments/401/hw7/hw7.tex"'
------------
Latexmk: applying rule 'pdflatex'...
Latexmk: This is Latexmk, John Collins, 19 Jan. 2017, version: 4.52c.
Rule 'pdflatex': Rules & subrules not known to be previously run:
   pdflatex
Rule 'pdflatex': The following rules & subrules became out-of-date:
      'pdflatex'
------------
Run number 1 of rule 'pdflatex'
------------
------------
Running 'pdflatex  -synctex=1 -interaction=nonstopmode -file-line-error -recorder  "/home/turab/Assignments/401/hw7/hw7.tex"'
------------
Latexmk: applying rule 'pdflatex'...
This is pdfTeX, Version 3.14159265-2.6-1.40.18 (TeX Live 2017/Arch Linux) (preloaded format=pdflatex)
 restricted \write18 enabled.
This is pdfTeX, Version 3.14159265-2.6-1.40.18 (TeX Live 2017/Arch Linux) (preloaded format=pdflatex)
 restricted \write18 enabled.
entering extended mode
(/home/turab/Assignments/401/hw7/hw7.tex
LaTeX2e <2017-04-15>
Babel <3.15> and hyphenation patterns for 84 language(s) loaded.
(/usr/share/texmf-dist/tex/latex/base/article.cls
Document Class: article 2014/09/29 v1.4h Standard LaTeX document class
(/usr/share/texmf-dist/tex/latex/base/size12.clo))
(/usr/share/texmf-dist/tex/latex/geometry/geometry.sty
(/usr/share/texmf-dist/tex/latex/graphics/keyval.sty)
(/usr/share/texmf-dist/tex/generic/oberdiek/ifpdf.sty)
(/usr/share/texmf-dist/tex/generic/oberdiek/ifvtex.sty)
(/usr/share/texmf-dist/tex/generic/ifxetex/ifxetex.sty)entering extended mode
(/home/turab/Assignments/401/hw7/hw7.tex
LaTeX2e <2017-04-15>
Babel <3.15> and hyphenation patterns for 84 language(s) loaded.
(/usr/share/texmf-dist/tex/latex/base/article.cls
Document Class: article 2014/09/29 v1.4h Standard LaTeX document class
(/usr/share/texmf-dist/tex/latex/base/size12.clo))
(/usr/share/texmf-dist/tex/latex/amsmath/amsmath.sty
For additional information on amsmath, use the `?' option.
(/usr/share/texmf-dist/tex/latex/amsmath/amstext.sty
(/usr/share/texmf-dist/tex/latex/amsmath/amsgen.sty))
(/usr/share/texmf-dist/tex/latex/amsmath/amsbsy.sty)
(/usr/share/texmf-dist/tex/latex/amsmath/amsopn.sty)
(/usr/share/texmf-dist/tex/latex/geometry/geometry.sty)
(/usr/share/texmf-dist/tex/latex/graphics/keyval.sty)
(/usr/share/texmf-dist/tex/generic/oberdiek/ifpdf.sty)
(/usr/share/texmf-dist/tex/generic/oberdiek/ifvtex.sty)
(/usr/share/texmf-dist/tex/generic/ifxetex/ifxetex.sty))
(/usr/share/texmf-dist/tex/latex/amsmath/amsmath.sty
For additional information on amsmath, use the `?' option.
(/usr/share/texmf-dist/tex/latex/amsmath/amstext.sty
(/usr/share/texmf-dist/tex/latex/amsmath/amsgen.sty)))
(/usr/share/texmf-dist/tex/latex/amscls/amsthm.sty
(/usr/share/texmf-dist/tex/latex/amsmath/amsbsy.sty)
(/usr/share/texmf-dist/tex/latex/amsmath/amsopn.sty)
(/usr/share/texmf-dist/tex/latex/amsfonts/amssymb.sty)
(/usr/share/texmf-dist/tex/latex/amsfonts/amsfonts.sty))
(/usr/share/texmf-dist/tex/latex/xcolor/xcolor.sty)
(/usr/share/texmf-dist/tex/latex/amscls/amsthm.sty
(/usr/share/texmf-dist/tex/latex/graphics-cfg/color.cfg))
(/usr/share/texmf-dist/tex/latex/amsfonts/amssymb.sty
(/usr/share/texmf-dist/tex/latex/amsfonts/amsfonts.sty
(/usr/share/texmf-dist/tex/latex/graphics-def/pdftex.def)))) (./hw7.aux)
(/usr/share/texmf-dist/tex/latex/xcolor/xcolor.sty
*geometry* driver: auto-detecting
*geometry* detected driver: pdftex
(/usr/share/texmf-dist/tex/context/base/mkii/supp-pdf.mkii
(/usr/share/texmf-dist/tex/latex/graphics-cfg/color.cfg)
[Loading MPS to PDF converter (version 2006.09.02).]
)
(/usr/share/texmf-dist/tex/latex/graphics-def/pdftex.def) (/usr/share/texmf-dist/tex/latex/amsfonts/umsa.fd)
(/usr/share/texmf-dist/tex/latex/amsfonts/umsb.fd)
(/usr/share/texmf-dist/tex/latex/base/omscmr.fd)) (./hw7.aux) [1{/var/lib/texmf/fonts/map/pd
ftex/updmap/pdftex.map
*geometry* driver: auto-detecting
*geometry* detected driver: pdftex
(/usr/share/texmf-dist/tex/context/base/mkii/supp-pdf.mkii
[Loading MPS to PDF converter (version 2006.09.02).]
) (/usr/share/texmf-dist/tex/latex/amsfonts/umsa.fd)
(/usr/share/texmf-dist/tex/latex/amsfonts/umsb.fd)
(/usr/share/texmf-dist/tex/latex/base/omscmr.fd) [1{/var/lib/texmf/fonts/map/pd
ftex/updmap/pdftex.map}] [2}] [3] [2] [4] (./hw7.aux) )</usr/share/texmf-dist/fonts/
type1/public/amsfonts/cm/cmbx12.pfb>]</usr/share/texmf-dist/fonts/type1/public/a
msfonts/cm/cmex10.pfb></usr/share/texmf-dist/fonts/type1/public/amsfonts/cm/cmm
i12.pfb [3></usr/share/texmf-dist/fonts/type1/public/amsfonts/cm/cmmi8.pfb></usr/s
hare/texmf-dist/fonts/type1/public/amsfonts/cm/cmr12.pfb]> [4</usr/share/texmf-dist
/fonts/type1/public/amsfonts/cm/cmr17.pfb] (./hw7.aux)></usr/share/texmf-dist/fonts/type1/pu
blic/amsfonts/cm/cmr8.pfb )</usr/share/texmf-dist/fonts/
type1/public/amsfonts/cm/cmbx12.pfb></usr/share/texmf-dist/fonts/type1/public/amsfonts/cm
/cmsy10.pfb></usr/share/texmf-dist/fonts/type1/public/a
msfonts/cm/cmex10.pfb>></usr/share/texmf-dist/fonts/type1/public/amsfonts/cm/cmsy8.pfb</usr/share/texmf-dist/fonts/type1/public/amsfonts/cm/cmm
i12.pfb>></u
sr/share/texmf-dist/fonts/type1/public/amsfonts/cm/cmtt12.pfb</usr/share/texmf-dist/fonts/type1/public/amsfonts/cm/cmmi8.pfb>></usr/s
hare/texmf-dist/fonts/type1/public/amsfonts/cm/cmr12.pfb>
Output written on hw7.pdf (4 pages, 102018 bytes).
SyncTeX written on hw7.synctex.gz.
Transcript written on hw7.log.
</usr/share/texmf-dist
/fonts/type1/public/amsfonts/cm/cmr17.pfb></usr/share/texmf-dist/fonts/type1/pu
blic/amsfonts/cm/cmr8.pfb></usr/share/texmf-dist/fonts/type1/public/amsfonts/cm
/cmsy10.pfb></usr/share/texmf-dist/fonts/type1/public/amsfonts/cm/cmsy8.pfb></u
sr/share/texmf-dist/fonts/type1/public/amsfonts/cm/cmtt12.pfb>SyncTeX: Can't rename hw7.synctex(busy) to hw7.synctex.gz

Output written on hw7.pdf (4 pages, 102018 bytes).
Transcript written on hw7.log.
Latexmk: Log file says output to 'hw7.pdf'
Latexmk: Log file says output to 'hw7.pdf'
=== TeX engine is 'pdfTeX'
Latexmk: All targets (hw7.pdf) are up-to-date
=== TeX engine is 'pdfTeX'
Latexmk: All targets (hw7.pdf) are up-to-date
Latexmk: This is Latexmk, John Collins, 19 Jan. 2017, version: 4.52c.
Rule 'pdflatex': Rules & subrules not known to be previously run:
   pdflatex
Rule 'pdflatex': The following rules & subrules became out-of-date:
      'pdflatex'
------------
Run number 1 of rule 'pdflatex'
------------
------------
Running 'pdflatex  -synctex=1 -interaction=nonstopmode -file-line-error -recorder  "/home/turab/Assignments/401/hw7/hw7.tex"'
------------
Latexmk: applying rule 'pdflatex'...
Latexmk: This is Latexmk, John Collins, 19 Jan. 2017, version: 4.52c.
Rule 'pdflatex': Rules & subrules not known to be previously run:
   pdflatex
Rule 'pdflatex': The following rules & subrules became out-of-date:
      'pdflatex'
------------
Run number 1 of rule 'pdflatex'
------------
------------
Running 'pdflatex  -synctex=1 -interaction=nonstopmode -file-line-error -recorder  "/home/turab/Assignments/401/hw7/hw7.tex"'
------------
Latexmk: applying rule 'pdflatex'...
This is pdfTeX, Version 3.14159265-2.6-1.40.18 (TeX Live 2017/Arch Linux) (preloaded format=pdflatex)
 restricted \write18 enabled.
This is pdfTeX, Version 3.14159265-2.6-1.40.18 (TeX Live 2017/Arch Linux) (preloaded format=pdflatex)
 restricted \write18 enabled.
entering extended mode
(/home/turab/Assignments/401/hw7/hw7.tex
LaTeX2e <2017-04-15>
Babel <3.15> and hyphenation patterns for 84 language(s) loaded.
(/usr/share/texmf-dist/tex/latex/base/article.cls
Document Class: article 2014/09/29 v1.4h Standard LaTeX document class
(/usr/share/texmf-dist/tex/latex/base/size12.clo))
(/usr/share/texmf-dist/tex/latex/geometry/geometry.sty
(/usr/share/texmf-dist/tex/latex/graphics/keyval.sty)
(/usr/share/texmf-dist/tex/generic/oberdiek/ifpdf.sty)
(/usr/share/texmf-dist/tex/generic/oberdiek/ifvtex.styentering extended mode
(/home/turab/Assignments/401/hw7/hw7.tex
LaTeX2e <2017-04-15>
Babel <3.15> and hyphenation patterns for 84 language(s) loaded.
(/usr/share/texmf-dist/tex/latex/base/article.cls)
(/usr/share/texmf-dist/tex/generic/ifxetex/ifxetex.sty)
Document Class: article 2014/09/29 v1.4h Standard LaTeX document class
(/usr/share/texmf-dist/tex/latex/base/size12.clo))
(/usr/share/texmf-dist/tex/latex/amsmath/amsmath.sty
For additional information on amsmath, use the `?' option.
(/usr/share/texmf-dist/tex/latex/amsmath/amstext.sty
(/usr/share/texmf-dist/tex/latex/amsmath/amsgen.sty))
(/usr/share/texmf-dist/tex/latex/amsmath/amsbsy.sty)
(/usr/share/texmf-dist/tex/latex/geometry/geometry.sty)
(/usr/share/texmf-dist/tex/latex/graphics/keyval.sty
(/usr/share/texmf-dist/tex/latex/amsmath/amsopn.sty))
(/usr/share/texmf-dist/tex/generic/oberdiek/ifpdf.sty)
(/usr/share/texmf-dist/tex/generic/oberdiek/ifvtex.sty)
(/usr/share/texmf-dist/tex/generic/ifxetex/ifxetex.sty))
(/usr/share/texmf-dist/tex/latex/amsmath/amsmath.sty
For additional information on amsmath, use the `?' option.
(/usr/share/texmf-dist/tex/latex/amsmath/amstext.sty
(/usr/share/texmf-dist/tex/latex/amsmath/amsgen.sty)))
(/usr/share/texmf-dist/tex/latex/amscls/amsthm.sty
(/usr/share/texmf-dist/tex/latex/amsmath/amsbsy.sty)
(/usr/share/texmf-dist/tex/latex/amsmath/amsopn.sty))
(/usr/share/texmf-dist/tex/latex/amsfonts/amssymb.sty
(/usr/share/texmf-dist/tex/latex/amsfonts/amsfonts.sty))
(/usr/share/texmf-dist/tex/latex/amscls/amsthm.sty)
(/usr/share/texmf-dist/tex/latex/xcolor/xcolor.sty)
(/usr/share/texmf-dist/tex/latex/amsfonts/amssymb.sty
(/usr/share/texmf-dist/tex/latex/amsfonts/amsfonts.sty
(/usr/share/texmf-dist/tex/latex/graphics-cfg/color.cfg))
(/usr/share/texmf-dist/tex/latex/graphics-def/pdftex.def))
(/usr/share/texmf-dist/tex/latex/xcolor/xcolor.sty
(/usr/share/texmf-dist/tex/latex/graphics-cfg/color.cfg))
(/usr/share/texmf-dist/tex/latex/graphics-def/pdftex.def (./hw7.aux))
*geometry* driver: auto-detecting
*geometry* detected driver: pdftex
(/usr/share/texmf-dist/tex/context/base/mkii/supp-pdf.mkii
[Loading MPS to PDF converter (version 2006.09.02).]
)) (/usr/share/texmf-dist/tex/latex/amsfonts/umsa.fd) (./hw7.aux)
(/usr/share/texmf-dist/tex/latex/amsfonts/umsb.fd)
*geometry* driver: auto-detecting
*geometry* detected driver: pdftex
(/usr/share/texmf-dist/tex/context/base/mkii/supp-pdf.mkii
(/usr/share/texmf-dist/tex/latex/base/omscmr.fd)
[Loading MPS to PDF converter (version 2006.09.02).]
) [1{/var/lib/texmf/fonts/map/pd
ftex/updmap/pdftex.map (/usr/share/texmf-dist/tex/latex/amsfonts/umsa.fd)
(/usr/share/texmf-dist/tex/latex/amsfonts/umsb.fd)
(/usr/share/texmf-dist/tex/latex/base/omscmr.fd) [1{/var/lib/texmf/fonts/map/pd
ftex/updmap/pdftex.map}] [2}]] [3 [2] [4] (./hw7.aux) )</usr/share/texmf-dist/fonts/
type1/public/amsfonts/cm/cmbx12.pfb] [3></usr/share/texmf-dist/fonts/type1/public/a
msfonts/cm/cmex10.pfb></usr/share/texmf-dist/fonts/type1/public/amsfonts/cm/cmm
i12.pfb>] [4</usr/share/texmf-dist/fonts/type1/public/amsfonts/cm/cmmi8.pfb]> (./hw7.aux)</usr/s
hare/texmf-dist/fonts/type1/public/amsfonts/cm/cmr12.pfb )</usr/share/texmf-dist/fonts/
type1/public/amsfonts/cm/cmbx12.pfb>></usr/share/texmf-dist/fonts/type1/public/a
msfonts/cm/cmex10.pfb</usr/share/texmf-dist
/fonts/type1/public/amsfonts/cm/cmr17.pfb>></usr/share/texmf-dist/fonts/type1/public/amsfonts/cm/cmm
i12.pfb</usr/share/texmf-dist/fonts/type1/pu
blic/amsfonts/cm/cmr8.pfb>></usr/share/texmf-dist/fonts/type1/public/amsfonts/cm
/cmsy10.pfb</usr/share/texmf-dist/fonts/type1/public/amsfonts/cm/cmmi8.pfb>></usr/s
hare/texmf-dist/fonts/type1/public/amsfonts/cm/cmr12.pfb</usr/share/texmf-dist/fonts/type1/public/amsfonts/cm/cmsy8.pfb></u
sr/share/texmf-dist/fonts/type1/public/amsfonts/cm/cmtt12.pfb>></usr/share/texmf-dist
/fonts/type1/public/amsfonts/cm/cmr17.pfb></usr/share/texmf-dist/fonts/type1/pu
blic/amsfonts/cm/cmr8.pfb
Output written on hw7.pdf (4 pages, 102183 bytes).
SyncTeX written on hw7.synctex.gz.
Transcript written on hw7.log.
></usr/share/texmf-dist/fonts/type1/public/amsfonts/cm
/cmsy10.pfb></usr/share/texmf-dist/fonts/type1/public/amsfonts/cm/cmsy8.pfb></u
sr/share/texmf-dist/fonts/type1/public/amsfonts/cm/cmtt12.pfb>SyncTeX: Can't rename hw7.synctex(busy) to hw7.synctex.gz

Output written on hw7.pdf (4 pages, 102183 bytes).
Transcript written on hw7.log.
Latexmk: Log file says output to 'hw7.pdf'
Latexmk: Log file says output to 'hw7.pdf'
=== TeX engine is 'pdfTeX'
Latexmk: All targets (hw7.pdf) are up-to-date
=== TeX engine is 'pdfTeX'
Latexmk: All targets (hw7.pdf) are up-to-date
Latexmk: This is Latexmk, John Collins, 19 Jan. 2017, version: 4.52c.
Rule 'pdflatex': File changes, etc:
   Changed files, or newly in use since previous run(s):
      '/home/turab/Assignments/401/hw7/hw7.tex'
      'hw7.tex'
------------
Run number 1 of rule 'pdflatex'
------------
------------
Running 'pdflatex  -synctex=1 -interaction=nonstopmode -file-line-error -recorder  "/home/turab/Assignments/401/hw7/hw7.tex"'
------------
Latexmk: applying rule 'pdflatex'...
This is pdfTeX, Version 3.14159265-2.6-1.40.18 (TeX Live 2017/Arch Linux) (preloaded format=pdflatex)
 restricted \write18 enabled.
entering extended mode
(/home/turab/Assignments/401/hw7/hw7.tex
LaTeX2e <2017-04-15>
Babel <3.15> and hyphenation patterns for 84 language(s) loaded.
(/usr/share/texmf-dist/tex/latex/base/article.cls
Document Class: article 2014/09/29 v1.4h Standard LaTeX document class
(/usr/share/texmf-dist/tex/latex/base/size12.clo))
(/usr/share/texmf-dist/tex/latex/geometry/geometry.sty
(/usr/share/texmf-dist/tex/latex/graphics/keyval.sty)
(/usr/share/texmf-dist/tex/generic/oberdiek/ifpdf.sty)
(/usr/share/texmf-dist/tex/generic/oberdiek/ifvtex.sty)
(/usr/share/texmf-dist/tex/generic/ifxetex/ifxetex.sty))
(/usr/share/texmf-dist/tex/latex/amsmath/amsmath.sty
For additional information on amsmath, use the `?' option.
(/usr/share/texmf-dist/tex/latex/amsmath/amstext.sty
(/usr/share/texmf-dist/tex/latex/amsmath/amsgen.sty))
(/usr/share/texmf-dist/tex/latex/amsmath/amsbsy.sty)
(/usr/share/texmf-dist/tex/latex/amsmath/amsopn.sty))
(/usr/share/texmf-dist/tex/latex/amscls/amsthm.sty)
(/usr/share/texmf-dist/tex/latex/amsfonts/amssymb.sty
(/usr/share/texmf-dist/tex/latex/amsfonts/amsfonts.sty))
(/usr/share/texmf-dist/tex/latex/xcolor/xcolor.sty
(/usr/share/texmf-dist/tex/latex/graphics-cfg/color.cfg)
(/usr/share/texmf-dist/tex/latex/graphics-def/pdftex.def)) (./hw7.aux)
*geometry* driver: auto-detecting
*geometry* detected driver: pdftex
(/usr/share/texmf-dist/tex/context/base/mkii/supp-pdf.mkii
[Loading MPS to PDF converter (version 2006.09.02).]
) (/usr/share/texmf-dist/tex/latex/amsfonts/umsa.fd)
(/usr/share/texmf-dist/tex/latex/amsfonts/umsb.fd)
(/usr/share/texmf-dist/tex/latex/base/omscmr.fd) [1{/var/lib/texmf/fonts/map/pd
ftex/updmap/pdftex.map}]
/home/turab/Assignments/401/hw7/hw7.tex:103: Undefined control sequence.
l.103 ...eteq \{0,1\}^*$, where $\varepsilon\notjn
                                                   L$, and define $D=\{ww\ |...

[2] [3] [4] (./hw7.aux) )
(see the transcript file for additional information)</usr/share/texmf-dist/font
s/type1/public/amsfonts/cm/cmbx12.pfb></usr/share/texmf-dist/fonts/type1/public
/amsfonts/cm/cmex10.pfb></usr/share/texmf-dist/fonts/type1/public/amsfonts/cm/c
mmi12.pfb></usr/share/texmf-dist/fonts/type1/public/amsfonts/cm/cmmi8.pfb></usr
/share/texmf-dist/fonts/type1/public/amsfonts/cm/cmr12.pfb></usr/share/texmf-di
st/fonts/type1/public/amsfonts/cm/cmr17.pfb></usr/share/texmf-dist/fonts/type1/
public/amsfonts/cm/cmr8.pfb></usr/share/texmf-dist/fonts/type1/public/amsfonts/
cm/cmsy10.pfb></usr/share/texmf-dist/fonts/type1/public/amsfonts/cm/cmsy8.pfb><
/usr/share/texmf-dist/fonts/type1/public/amsfonts/cm/cmtt12.pfb>
Output written on hw7.pdf (4 pages, 102143 bytes).
SyncTeX written on hw7.synctex.gz.
Transcript written on hw7.log.
Latexmk: Log file says output to 'hw7.pdf'
Collected error summary (may duplicate other messages):
  pdflatex: Command for 'pdflatex' gave return code 1
      Refer to 'hw7.log' for details
Latexmk: Use the -f option to force complete processing,
 unless error was exceeding maximum runs of latex/pdflatex.
=== TeX engine is 'pdfTeX'
Latexmk: Errors, so I did not complete making targets
Latexmk: This is Latexmk, John Collins, 19 Jan. 2017, version: 4.52c.
Rule 'pdflatex': Rules & subrules not known to be previously run:
   pdflatex
Rule 'pdflatex': The following rules & subrules became out-of-date:
      'pdflatex'
------------
Run number 1 of rule 'pdflatex'
------------
------------
Running 'pdflatex  -synctex=1 -interaction=nonstopmode -file-line-error -recorder  "/home/turab/Assignments/401/hw7/hw7.tex"'
------------
Latexmk: applying rule 'pdflatex'...
This is pdfTeX, Version 3.14159265-2.6-1.40.18 (TeX Live 2017/Arch Linux) (preloaded format=pdflatex)
 restricted \write18 enabled.
entering extended mode
(/home/turab/Assignments/401/hw7/hw7.tex
LaTeX2e <2017-04-15>
Babel <3.15> and hyphenation patterns for 84 language(s) loaded.
(/usr/share/texmf-dist/tex/latex/base/article.cls
Document Class: article 2014/09/29 v1.4h Standard LaTeX document class
(/usr/share/texmf-dist/tex/latex/base/size12.clo))
(/usr/share/texmf-dist/tex/latex/geometry/geometry.sty
(/usr/share/texmf-dist/tex/latex/graphics/keyval.sty)
(/usr/share/texmf-dist/tex/generic/oberdiek/ifpdf.sty)
(/usr/share/texmf-dist/tex/generic/oberdiek/ifvtex.sty)
(/usr/share/texmf-dist/tex/generic/ifxetex/ifxetex.sty))
(/usr/share/texmf-dist/tex/latex/amsmath/amsmath.sty
For additional information on amsmath, use the `?' option.
(/usr/share/texmf-dist/tex/latex/amsmath/amstext.sty
(/usr/share/texmf-dist/tex/latex/amsmath/amsgen.sty))
(/usr/share/texmf-dist/tex/latex/amsmath/amsbsy.sty)
(/usr/share/texmf-dist/tex/latex/amsmath/amsopn.sty))
(/usr/share/texmf-dist/tex/latex/amscls/amsthm.sty)
(/usr/share/texmf-dist/tex/latex/amsfonts/amssymb.sty
(/usr/share/texmf-dist/tex/latex/amsfonts/amsfonts.sty))
(/usr/share/texmf-dist/tex/latex/xcolor/xcolor.sty
(/usr/share/texmf-dist/tex/latex/graphics-cfg/color.cfg)
(/usr/share/texmf-dist/tex/latex/graphics-def/pdftex.def)) (./hw7.aux)
*geometry* driver: auto-detecting
*geometry* detected driver: pdftex
(/usr/share/texmf-dist/tex/context/base/mkii/supp-pdf.mkii
[Loading MPS to PDF converter (version 2006.09.02).]
) (/usr/share/texmf-dist/tex/latex/amsfonts/umsa.fd)
(/usr/share/texmf-dist/tex/latex/amsfonts/umsb.fd)
(/usr/share/texmf-dist/tex/latex/base/omscmr.fd) [1{/var/lib/texmf/fonts/map/pd
ftex/updmap/pdftex.map}]
/home/turab/Assignments/401/hw7/hw7.tex:103: Undefined control sequence.
l.103 ...eteq \{0,1\}^*$, where $\varepsilon\notjn
                                                   L$, and define $D=\{ww\ |...

[2] [3] [4] (./hw7.aux) )
(see the transcript file for additional information)</usr/share/texmf-dist/font
s/type1/public/amsfonts/cm/cmbx12.pfb></usr/share/texmf-dist/fonts/type1/public
/amsfonts/cm/cmex10.pfb></usr/share/texmf-dist/fonts/type1/public/amsfonts/cm/c
mmi12.pfb></usr/share/texmf-dist/fonts/type1/public/amsfonts/cm/cmmi8.pfb></usr
/share/texmf-dist/fonts/type1/public/amsfonts/cm/cmr12.pfb></usr/share/texmf-di
st/fonts/type1/public/amsfonts/cm/cmr17.pfb></usr/share/texmf-dist/fonts/type1/
public/amsfonts/cm/cmr8.pfb></usr/share/texmf-dist/fonts/type1/public/amsfonts/
cm/cmsy10.pfb></usr/share/texmf-dist/fonts/type1/public/amsfonts/cm/cmsy8.pfb><
/usr/share/texmf-dist/fonts/type1/public/amsfonts/cm/cmtt12.pfb>
Output written on hw7.pdf (4 pages, 102143 bytes).
SyncTeX written on hw7.synctex.gz.
Transcript written on hw7.log.
Latexmk: Log file says output to 'hw7.pdf'
Collected error summary (may duplicate other messages):
  pdflatex: Command for 'pdflatex' gave return code 1
      Refer to 'hw7.log' for details
Latexmk: Use the -f option to force complete processing,
 unless error was exceeding maximum runs of latex/pdflatex.
=== TeX engine is 'pdfTeX'
Latexmk: Errors, so I did not complete making targets
Latexmk: This is Latexmk, John Collins, 19 Jan. 2017, version: 4.52c.
Rule 'pdflatex': File changes, etc:
   Changed files, or newly in use since previous run(s):
      '/home/turab/Assignments/401/hw7/hw7.tex'
      'hw7.tex'
------------
Run number 1 of rule 'pdflatex'
------------
------------
Running 'pdflatex  -synctex=1 -interaction=nonstopmode -file-line-error -recorder  "/home/turab/Assignments/401/hw7/hw7.tex"'
------------
Latexmk: applying rule 'pdflatex'...
This is pdfTeX, Version 3.14159265-2.6-1.40.18 (TeX Live 2017/Arch Linux) (preloaded format=pdflatex)
 restricted \write18 enabled.
entering extended mode
(/home/turab/Assignments/401/hw7/hw7.tex
LaTeX2e <2017-04-15>
Babel <3.15> and hyphenation patterns for 84 language(s) loaded.
(/usr/share/texmf-dist/tex/latex/base/article.cls
Document Class: article 2014/09/29 v1.4h Standard LaTeX document class
(/usr/share/texmf-dist/tex/latex/base/size12.clo))
(/usr/share/texmf-dist/tex/latex/geometry/geometry.sty
(/usr/share/texmf-dist/tex/latex/graphics/keyval.sty)
(/usr/share/texmf-dist/tex/generic/oberdiek/ifpdf.sty)
(/usr/share/texmf-dist/tex/generic/oberdiek/ifvtex.sty)
(/usr/share/texmf-dist/tex/generic/ifxetex/ifxetex.sty))
(/usr/share/texmf-dist/tex/latex/amsmath/amsmath.sty
For additional information on amsmath, use the `?' option.
(/usr/share/texmf-dist/tex/latex/amsmath/amstext.sty
(/usr/share/texmf-dist/tex/latex/amsmath/amsgen.sty))
(/usr/share/texmf-dist/tex/latex/amsmath/amsbsy.sty)
(/usr/share/texmf-dist/tex/latex/amsmath/amsopn.sty))
(/usr/share/texmf-dist/tex/latex/amscls/amsthm.sty)
(/usr/share/texmf-dist/tex/latex/amsfonts/amssymb.sty
(/usr/share/texmf-dist/tex/latex/amsfonts/amsfonts.sty))
(/usr/share/texmf-dist/tex/latex/xcolor/xcolor.sty
(/usr/share/texmf-dist/tex/latex/graphics-cfg/color.cfg)
(/usr/share/texmf-dist/tex/latex/graphics-def/pdftex.def)) (./hw7.aux)
*geometry* driver: auto-detecting
*geometry* detected driver: pdftex
(/usr/share/texmf-dist/tex/context/base/mkii/supp-pdf.mkii
[Loading MPS to PDF converter (version 2006.09.02).]
) (/usr/share/texmf-dist/tex/latex/amsfonts/umsa.fd)
(/usr/share/texmf-dist/tex/latex/amsfonts/umsb.fd)
(/usr/share/texmf-dist/tex/latex/base/omscmr.fd) [1{/var/lib/texmf/fonts/map/pd
ftex/updmap/pdftex.map}] [2] [3] [4] (./hw7.aux) )</usr/share/texmf-dist/fonts/
type1/public/amsfonts/cm/cmbx12.pfb></usr/share/texmf-dist/fonts/type1/public/a
msfonts/cm/cmex10.pfb></usr/share/texmf-dist/fonts/type1/public/amsfonts/cm/cmm
i12.pfb></usr/share/texmf-dist/fonts/type1/public/amsfonts/cm/cmmi8.pfb></usr/s
hare/texmf-dist/fonts/type1/public/amsfonts/cm/cmr12.pfb></usr/share/texmf-dist
/fonts/type1/public/amsfonts/cm/cmr17.pfb></usr/share/texmf-dist/fonts/type1/pu
blic/amsfonts/cm/cmr8.pfb></usr/share/texmf-dist/fonts/type1/public/amsfonts/cm
/cmsy10.pfb></usr/share/texmf-dist/fonts/type1/public/amsfonts/cm/cmsy8.pfb></u
sr/share/texmf-dist/fonts/type1/public/amsfonts/cm/cmtt12.pfb>
Output written on hw7.pdf (4 pages, 102178 bytes).
SyncTeX written on hw7.synctex.gz.
Transcript written on hw7.log.
Latexmk: Log file says output to 'hw7.pdf'
=== TeX engine is 'pdfTeX'
Latexmk: All targets (hw7.pdf) are up-to-date
Latexmk: This is Latexmk, John Collins, 19 Jan. 2017, version: 4.52c.
Rule 'pdflatex': File changes, etc:
   Changed files, or newly in use since previous run(s):
      '/home/turab/Assignments/401/hw7/hw7.tex'
      'hw7.tex'
------------
Run number 1 of rule 'pdflatex'
------------
------------
Running 'pdflatex  -synctex=1 -interaction=nonstopmode -file-line-error -recorder  "/home/turab/Assignments/401/hw7/hw7.tex"'
------------
Latexmk: applying rule 'pdflatex'...
This is pdfTeX, Version 3.14159265-2.6-1.40.18 (TeX Live 2017/Arch Linux) (preloaded format=pdflatex)
 restricted \write18 enabled.
entering extended mode
(/home/turab/Assignments/401/hw7/hw7.tex
LaTeX2e <2017-04-15>
Babel <3.15> and hyphenation patterns for 84 language(s) loaded.
(/usr/share/texmf-dist/tex/latex/base/article.cls
Document Class: article 2014/09/29 v1.4h Standard LaTeX document class
(/usr/share/texmf-dist/tex/latex/base/size12.clo))
(/usr/share/texmf-dist/tex/latex/geometry/geometry.sty
(/usr/share/texmf-dist/tex/latex/graphics/keyval.sty)
(/usr/share/texmf-dist/tex/generic/oberdiek/ifpdf.sty)
(/usr/share/texmf-dist/tex/generic/oberdiek/ifvtex.sty)
(/usr/share/texmf-dist/tex/generic/ifxetex/ifxetex.sty))
(/usr/share/texmf-dist/tex/latex/amsmath/amsmath.sty
For additional information on amsmath, use the `?' option.
(/usr/share/texmf-dist/tex/latex/amsmath/amstext.sty
(/usr/share/texmf-dist/tex/latex/amsmath/amsgen.sty))
(/usr/share/texmf-dist/tex/latex/amsmath/amsbsy.sty)
(/usr/share/texmf-dist/tex/latex/amsmath/amsopn.sty))
(/usr/share/texmf-dist/tex/latex/amscls/amsthm.sty)
(/usr/share/texmf-dist/tex/latex/amsfonts/amssymb.sty
(/usr/share/texmf-dist/tex/latex/amsfonts/amsfonts.sty))
(/usr/share/texmf-dist/tex/latex/xcolor/xcolor.sty
(/usr/share/texmf-dist/tex/latex/graphics-cfg/color.cfg)
(/usr/share/texmf-dist/tex/latex/graphics-def/pdftex.def)) (./hw7.aux)
*geometry* driver: auto-detecting
*geometry* detected driver: pdftex
(/usr/share/texmf-dist/tex/context/base/mkii/supp-pdf.mkii
[Loading MPS to PDF converter (version 2006.09.02).]
) (/usr/share/texmf-dist/tex/latex/amsfonts/umsa.fd)
(/usr/share/texmf-dist/tex/latex/amsfonts/umsb.fd)
(/usr/share/texmf-dist/tex/latex/base/omscmr.fd) [1{/var/lib/texmf/fonts/map/pd
ftex/updmap/pdftex.map}] [2] [3] [4] (./hw7.aux) )</usr/share/texmf-dist/fonts/
type1/public/amsfonts/cm/cmbx12.pfb></usr/share/texmf-dist/fonts/type1/public/a
msfonts/cm/cmex10.pfb></usr/share/texmf-dist/fonts/type1/public/amsfonts/cm/cmm
i12.pfb></usr/share/texmf-dist/fonts/type1/public/amsfonts/cm/cmmi8.pfb></usr/s
hare/texmf-dist/fonts/type1/public/amsfonts/cm/cmr12.pfb></usr/share/texmf-dist
/fonts/type1/public/amsfonts/cm/cmr17.pfb></usr/share/texmf-dist/fonts/type1/pu
blic/amsfonts/cm/cmr8.pfb></usr/share/texmf-dist/fonts/type1/public/amsfonts/cm
/cmsy10.pfb></usr/share/texmf-dist/fonts/type1/public/amsfonts/cm/cmsy8.pfb></u
sr/share/texmf-dist/fonts/type1/public/amsfonts/cm/cmtt12.pfb>
Output written on hw7.pdf (4 pages, 102181 bytes).
SyncTeX written on hw7.synctex.gz.
Transcript written on hw7.log.
Latexmk: Log file says output to 'hw7.pdf'
=== TeX engine is 'pdfTeX'
Latexmk: All targets (hw7.pdf) are up-to-date
Latexmk: This is Latexmk, John Collins, 19 Jan. 2017, version: 4.52c.
Rule 'pdflatex': File changes, etc:
   Changed files, or newly in use since previous run(s):
      '/home/turab/Assignments/401/hw7/hw7.tex'
      'hw7.tex'
------------
Run number 1 of rule 'pdflatex'
------------
------------
Running 'pdflatex  -synctex=1 -interaction=nonstopmode -file-line-error -recorder  "/home/turab/Assignments/401/hw7/hw7.tex"'
------------
Latexmk: applying rule 'pdflatex'...
This is pdfTeX, Version 3.14159265-2.6-1.40.18 (TeX Live 2017/Arch Linux) (preloaded format=pdflatex)
 restricted \write18 enabled.
entering extended mode
(/home/turab/Assignments/401/hw7/hw7.tex
LaTeX2e <2017-04-15>
Babel <3.15> and hyphenation patterns for 84 language(s) loaded.
(/usr/share/texmf-dist/tex/latex/base/article.cls
Document Class: article 2014/09/29 v1.4h Standard LaTeX document class
(/usr/share/texmf-dist/tex/latex/base/size12.clo))
(/usr/share/texmf-dist/tex/latex/geometry/geometry.sty
(/usr/share/texmf-dist/tex/latex/graphics/keyval.sty)
(/usr/share/texmf-dist/tex/generic/oberdiek/ifpdf.sty)
(/usr/share/texmf-dist/tex/generic/oberdiek/ifvtex.sty)
(/usr/share/texmf-dist/tex/generic/ifxetex/ifxetex.sty))
(/usr/share/texmf-dist/tex/latex/amsmath/amsmath.sty
For additional information on amsmath, use the `?' option.
(/usr/share/texmf-dist/tex/latex/amsmath/amstext.sty
(/usr/share/texmf-dist/tex/latex/amsmath/amsgen.sty))
(/usr/share/texmf-dist/tex/latex/amsmath/amsbsy.sty)
(/usr/share/texmf-dist/tex/latex/amsmath/amsopn.sty))
(/usr/share/texmf-dist/tex/latex/amscls/amsthm.sty)
(/usr/share/texmf-dist/tex/latex/amsfonts/amssymb.sty
(/usr/share/texmf-dist/tex/latex/amsfonts/amsfonts.sty))
(/usr/share/texmf-dist/tex/latex/xcolor/xcolor.sty
(/usr/share/texmf-dist/tex/latex/graphics-cfg/color.cfg)
(/usr/share/texmf-dist/tex/latex/graphics-def/pdftex.def)) (./hw7.aux)
*geometry* driver: auto-detecting
*geometry* detected driver: pdftex
(/usr/share/texmf-dist/tex/context/base/mkii/supp-pdf.mkii
[Loading MPS to PDF converter (version 2006.09.02).]
) (/usr/share/texmf-dist/tex/latex/amsfonts/umsa.fd)
(/usr/share/texmf-dist/tex/latex/amsfonts/umsb.fd)
(/usr/share/texmf-dist/tex/latex/base/omscmr.fd) [1{/var/lib/texmf/fonts/map/pd
ftex/updmap/pdftex.map}] [2] [3] [4] (./hw7.aux) )</usr/share/texmf-dist/fonts/
type1/public/amsfonts/cm/cmbx12.pfb></usr/share/texmf-dist/fonts/type1/public/a
msfonts/cm/cmex10.pfb></usr/share/texmf-dist/fonts/type1/public/amsfonts/cm/cmm
i12.pfb></usr/share/texmf-dist/fonts/type1/public/amsfonts/cm/cmmi8.pfb></usr/s
hare/texmf-dist/fonts/type1/public/amsfonts/cm/cmr12.pfb></usr/share/texmf-dist
/fonts/type1/public/amsfonts/cm/cmr17.pfb></usr/share/texmf-dist/fonts/type1/pu
blic/amsfonts/cm/cmr8.pfb></usr/share/texmf-dist/fonts/type1/public/amsfonts/cm
/cmsy10.pfb></usr/share/texmf-dist/fonts/type1/public/amsfonts/cm/cmsy8.pfb></u
sr/share/texmf-dist/fonts/type1/public/amsfonts/cm/cmtt12.pfb>
Output written on hw7.pdf (4 pages, 102018 bytes).
SyncTeX written on hw7.synctex.gz.
Transcript written on hw7.log.
Latexmk: Log file says output to 'hw7.pdf'
=== TeX engine is 'pdfTeX'
Latexmk: All targets (hw7.pdf) are up-to-date
